Mongo url mongodb://localhost:27017
Mongo Connection established!
Beginning to seed...
RECORDS INSERTED: 100000/10000000
LOOP SPEED (sec): 21
TIME REMAINING (min): 34.65
RECORDS INSERTED: 200000/10000000
LOOP SPEED (sec): 20
TIME REMAINING (min): 32.666666666666664
RECORDS INSERTED: 300000/10000000
LOOP SPEED (sec): 21
TIME REMAINING (min): 33.95
RECORDS INSERTED: 400000/10000000
LOOP SPEED (sec): 21
TIME REMAINING (min): 33.6
RECORDS INSERTED: 500000/10000000
LOOP SPEED (sec): 20
TIME REMAINING (min): 31.666666666666668
RECORDS INSERTED: 600000/10000000
LOOP SPEED (sec): 20
TIME REMAINING (min): 31.333333333333332
RECORDS INSERTED: 700000/10000000
LOOP SPEED (sec): 20
TIME REMAINING (min): 31
